//Variables
undefined
var a = 10;
undefined
//Dynamically Types
undefined
//Dynamically Typed
undefined
typeof a;
'number'
a = "Yash";
'Yash'
typeof a;
'string'
//Datatypes 
undefined
// 2
undefined
// Primitive
// Non- Primitive
undefined
// 7
undefined
// 1 . Number 
undefined
a = 10;
10
typeof a;
'number'
a = "Yash";
'Yash'
typeof a;
'string'
a = true;
true
typeof a;
'boolean'
Number.MAX_SAFE_INTEGER;
9007199254740991
a = 456789045678976546789765467898765434567n
456789045678976546789765467898765434567n
typeof a;
'bigint'
//Undefined
undefined
var c;
undefined
typeof c;
'undefined'
c;
undefined
c = undefined;
undefined
c;
undefined
// null 
undefined
a =[1 ,2 ,3 ,4];
(4) [1, 2, 3, 4]
a = null;
null
a;
null
typeof a;
'object'
var a = 10;
undefined
a = null;
null
a;
null
//Symbol
undefined
a = "Yash";
'Yash'
var b = "Yash";
undefined
var c = Symbol("Yash");
undefined
var d = Symbol("Yash");
undefined
a == b;
true
c == d;
false
c = d;
Symbol(Yash)
c == d;
true
//Non Primitive DataTypes 
undefined
//Array , Objects , Functions 
undefined
var a = [ 1, 2, 3 ,4 ,5 , 6];
undefined
a.push(7);
7
a.push(90);
8
a;
(8) [1, 2, 3, 4, 5, 6, 7, 90]
a.pop();
90
a;
(7) [1, 2, 3, 4, 5, 6, 7]
a.unshift(23);
8
a;
(8) [23, 1, 2, 3, 4, 5, 6, 7]
a.shift();
23
a;
(7) [1, 2, 3, 4, 5, 6, 7]
a.splice(2 , 1);
[3]
a;
(6) [1, 2, 4, 5, 6, 7]
a.splice(2 , 0 , 3);
[]
a;
(7) [1, 2, 3, 4, 5, 6, 7]0: 11: 22: 33: 44: 55: 66: 7length: 7[[Prototype]]: Array(0)
a.splice(2 , 1 , 8 , 9);
[3]
a;
(8) [1, 2, 8, 9, 4, 5, 6, 7]
a.includes(4);
true
a.push(90);
9
a.includes(90);
true
a.includes(91);
false
a.indexOf(2);
1
a.lastIndexOf(2);
1
a.slice(2 , 6);
(4) [8, 9, 4, 5]
var arr = a.slice(2 , 6);
undefined
arr;
(4) [8, 9, 4, 5]
a;
(9) [1, 2, 8, 9, 4, 5, 6, 7, 90]
